<?xml version="1.0" encoding="UTF-8"?>
<!-- Generated by org.testng.reporters.JUnitReportReporter -->
<testsuite hostname="LTIN487042" failures="0" tests="6" name="testCases.TestCase_001_TimeSheetValidation" time="318.498" errors="0" timestamp="2024-03-27T15:55:21 IST" skipped="0">
  <testcase classname="testCases.TestCase_001_TimeSheetValidation" name="userVerification" time="49.410"/>
  <testcase classname="testCases.TestCase_001_TimeSheetValidation" name="userVerification" time="48.257"/>
  <testcase classname="testCases.TestCase_001_TimeSheetValidation" name="oneCognizantFunctions" time="15.174"/>
  <testcase classname="testCases.TestCase_001_TimeSheetValidation" name="oneCognizantFunctions" time="16.524"/>
  <testcase classname="testCases.TestCase_001_TimeSheetValidation" name="timeSheetNavigation" time="94.200"/>
  <testcase classname="testCases.TestCase_001_TimeSheetValidation" name="timeSheetNavigation" time="94.933"/>
</testsuite> <!-- testCases.TestCase_001_TimeSheetValidation -->
